Makefile
dir.out
generate_articles.py
generate_json.py
generate_newspaper.py
setup.py
templates
texput.log
vol43is1

./templates:
acm-logo.png
banks-logo.png
newspaper.sty
newspaperExample.tex

./vol43is1:
articles
blurb
config.yaml
content
events.yaml
generated
logo
main-print.pdf
main.tex

./vol43is1/articles:
banks.md
gamebuilders.md
icpc.md
images
lftc.md
qiskitfallfest.md
robotics.md
rparticle.md
sigecom.md
siggraph.md
signll.md
sigplan.md

./vol43is1/articles/images:
QiskitFallFest.png
SIGRobotics_CalHacks_Team.jpeg
SIGRobotics_Seeed_Team.jpg
career_fair.jpg
driving_innovation_showcase.jpg
full_staff.jpg
icpc.jpg
sigplan.png

./vol43is1/blurb:
academic_committee.yaml
acm.yaml
corporate_committee.yaml
gamebuilders.yaml
glug.yaml
hackillinois.yaml
icpc.yaml
infrastructure_committee.yaml
marketing_committee.yaml
mentorship_committee.yaml
reflections_projections.yaml
sigaida.yaml
sigarch.yaml
sigchi.yaml
sigecom.yaml
siggraph.yaml
sigma.yaml
sigmobile.yaml
sigmusic.yaml
signll.yaml
sigplan.yaml
sigpolicy.yaml
sigpwny.yaml
sigquantum.yaml
sigrobotics.yaml
sigtricity.yaml
social_committee.yaml
template.json

./vol43is1/content:
article_backgrounds.tex
articles
articles.tex
blurb
directory.tex
events.tex
letter.tex
toc.tex

./vol43is1/content/articles:
banks.yaml
gamebuilders.yaml
icpc.yaml
lftc.yaml
qiskitfallfest.yaml
robotics.yaml
rparticle.yaml
sigecom.yaml
siggraph.yaml
signll.yaml
sigplan.yaml

./vol43is1/content/blurb:
academic_committee.json
acm.json
corporate_committee.json
gamebuilders.json
glug.json
hackillinois.json
icpc.json
infrastructure_committee.json
marketing_committee.json
mentorship_committee.json
reflections_projections.json
sigaida.json
sigarch.json
sigchi.json
sigecom.json
siggraph.json
sigma.json
sigmobile.json
sigmusic.json
signll.json
sigplan.json
sigpolicy.json
sigpwny.json
sigquantum.json
sigrobotics.json
sigtricity.json
social_committee.json

./vol43is1/generated:

./vol43is1/logo:
academic_committee.png
acm-logo.png
acm.png
banks-logo.png
corporate_committee.png
gamebuilders.png
glug.png
hackillinois.png
icpc.png
infrastructure_committee.png
marketing_committee.png
mentorship_committee.png
reflections_projections.jpg
sigaida.png
sigarch.png
sigchi.png
sigecom.png
siggraph.png
sigma.png
sigmobile.png
sigmusic.png
signll.png
sigplan.png
sigpolicy.png
sigpwny.png
sigquantum.png
sigrobotics.png
sigtricity.png
social_committee.png
